This is pdfTeX, Version 3.14159265-2.6-1.40.21 (TeX Live 2020) (preloaded format=pdflatex 2020.4.30)  2 MAY 2020 21:49
entering extended mode
 restricted \write18 enabled.
 %&-line parsing enabled.
**ML_paper.tex
(./ML_paper.tex
LaTeX2e <2020-02-02> patch level 5
L3 programming layer <2020-04-06> (/Users/hebailan/Library/TinyTeX/texmf-dist/t
ex/latex/base/article.cls
Document Class: article 2019/12/20 v1.4l Standard LaTeX document class
(/Users/hebailan/Library/TinyTeX/texmf-dist/tex/latex/base/size10.clo
File: size10.clo 2019/12/20 v1.4l Standard LaTeX file (size option)
)
\c@part=\count167
\c@section=\count168
\c@subsection=\count169
\c@subsubsection=\count170
\c@paragraph=\count171
\c@subparagraph=\count172
\c@figure=\count173
\c@table=\count174
\abovecaptionskip=\skip47
\belowcaptionskip=\skip48
\bibindent=\dimen134
) (/Users/hebailan/Library/TinyTeX/texmf-dist/tex/latex/lm/lmodern.sty
Package: lmodern 2009/10/30 v1.6 Latin Modern Fonts
LaTeX Font Info:    Overwriting symbol font `operators' in version `normal'
(Font)                  OT1/cmr/m/n --> OT1/lmr/m/n on input line 22.
LaTeX Font Info:    Overwriting symbol font `letters' in version `normal'
(Font)                  OML/cmm/m/it --> OML/lmm/m/it on input line 23.
LaTeX Font Info:    Overwriting symbol font `symbols' in version `normal'
(Font)                  OMS/cmsy/m/n --> OMS/lmsy/m/n on input line 24.
LaTeX Font Info:    Overwriting symbol font `largesymbols' in version `normal'
(Font)                  OMX/cmex/m/n --> OMX/lmex/m/n on input line 25.
LaTeX Font Info:    Overwriting symbol font `operators' in version `bold'
(Font)                  OT1/cmr/bx/n --> OT1/lmr/bx/n on input line 26.
LaTeX Font Info:    Overwriting symbol font `letters' in version `bold'
(Font)                  OML/cmm/b/it --> OML/lmm/b/it on input line 27.
LaTeX Font Info:    Overwriting symbol font `symbols' in version `bold'
(Font)                  OMS/cmsy/b/n --> OMS/lmsy/b/n on input line 28.
LaTeX Font Info:    Overwriting symbol font `largesymbols' in version `bold'
(Font)                  OMX/cmex/m/n --> OMX/lmex/m/n on input line 29.
LaTeX Font Info:    Overwriting math alphabet `\mathbf' in version `normal'
(Font)                  OT1/cmr/bx/n --> OT1/lmr/bx/n on input line 31.
LaTeX Font Info:    Overwriting math alphabet `\mathsf' in version `normal'
(Font)                  OT1/cmss/m/n --> OT1/lmss/m/n on input line 32.
LaTeX Font Info:    Overwriting math alphabet `\mathit' in version `normal'
(Font)                  OT1/cmr/m/it --> OT1/lmr/m/it on input line 33.
LaTeX Font Info:    Overwriting math alphabet `\mathtt' in version `normal'
(Font)                  OT1/cmtt/m/n --> OT1/lmtt/m/n on input line 34.
LaTeX Font Info:    Overwriting math alphabet `\mathbf' in version `bold'
(Font)                  OT1/cmr/bx/n --> OT1/lmr/bx/n on input line 35.
LaTeX Font Info:    Overwriting math alphabet `\mathsf' in version `bold'
(Font)                  OT1/cmss/bx/n --> OT1/lmss/bx/n on input line 36.
LaTeX Font Info:    Overwriting math alphabet `\mathit' in version `bold'
(Font)                  OT1/cmr/bx/it --> OT1/lmr/bx/it on input line 37.
LaTeX Font Info:    Overwriting math alphabet `\mathtt' in version `bold'
(Font)                  OT1/cmtt/m/n --> OT1/lmtt/m/n on input line 38.
) (/Users/hebailan/Library/TinyTeX/texmf-dist/tex/latex/amsfonts/amssymb.sty
Package: amssymb 2013/01/14 v3.01 AMS font symbols
(/Users/hebailan/Library/TinyTeX/texmf-dist/tex/latex/amsfonts/amsfonts.sty
Package: amsfonts 2013/01/14 v3.01 Basic AMSFonts support
\@emptytoks=\toks15
\symAMSa=\mathgroup4
\symAMSb=\mathgroup5
LaTeX Font Info:    Redeclaring math symbol \hbar on input line 98.
LaTeX Font Info:    Overwriting math alphabet `\mathfrak' in version `bold'
(Font)                  U/euf/m/n --> U/euf/b/n on input line 106.
)) (/Users/hebailan/Library/TinyTeX/texmf-dist/tex/latex/amsmath/amsmath.sty
Package: amsmath 2020/01/20 v2.17e AMS math features
\@mathmargin=\skip49
For additional information on amsmath, use the `?' option.
(/Users/hebailan/Library/TinyTeX/texmf-dist/tex/latex/amsmath/amstext.sty
Package: amstext 2000/06/29 v2.01 AMS text
(/Users/hebailan/Library/TinyTeX/texmf-dist/tex/latex/amsmath/amsgen.sty
File: amsgen.sty 1999/11/30 v2.0 generic functions
\@emptytoks=\toks16
\ex@=\dimen135
)) (/Users/hebailan/Library/TinyTeX/texmf-dist/tex/latex/amsmath/amsbsy.sty
Package: amsbsy 1999/11/29 v1.2d Bold Symbols
\pmbraise@=\dimen136
) (/Users/hebailan/Library/TinyTeX/texmf-dist/tex/latex/amsmath/amsopn.sty
Package: amsopn 2016/03/08 v2.02 operator names
)
\inf@bad=\count175
LaTeX Info: Redefining \frac on input line 227.
\uproot@=\count176
\leftroot@=\count177
LaTeX Info: Redefining \overline on input line 389.
\classnum@=\count178
\DOTSCASE@=\count179
LaTeX Info: Redefining \ldots on input line 486.
LaTeX Info: Redefining \dots on input line 489.
LaTeX Info: Redefining \cdots on input line 610.
\Mathstrutbox@=\box45
\strutbox@=\box46
\big@size=\dimen137
LaTeX Font Info:    Redeclaring font encoding OML on input line 733.
LaTeX Font Info:    Redeclaring font encoding OMS on input line 734.
\macc@depth=\count180
\c@MaxMatrixCols=\count181
\dotsspace@=\muskip16
\c@parentequation=\count182
\dspbrk@lvl=\count183
\tag@help=\toks17
\row@=\count184
\column@=\count185
\maxfields@=\count186
\andhelp@=\toks18
\eqnshift@=\dimen138
\alignsep@=\dimen139
\tagshift@=\dimen140
\tagwidth@=\dimen141
\totwidth@=\dimen142
\lineht@=\dimen143
\@envbody=\toks19
\multlinegap=\skip50
\multlinetaggap=\skip51
\mathdisplay@stack=\toks20
LaTeX Info: Redefining \[ on input line 2859.
LaTeX Info: Redefining \] on input line 2860.
) (/Users/hebailan/Library/TinyTeX/texmf-dist/tex/generic/iftex/ifxetex.sty
Package: ifxetex 2019/10/25 v0.7 ifxetex legacy package. Use iftex instead.
(/Users/hebailan/Library/TinyTeX/texmf-dist/tex/generic/iftex/iftex.sty
Package: iftex 2020/03/06 v1.0d TeX engine tests
)) (/Users/hebailan/Library/TinyTeX/texmf-dist/tex/generic/iftex/ifluatex.sty
Package: ifluatex 2019/10/25 v1.5 ifluatex legacy package. Use iftex instead.
) (/Users/hebailan/Library/TinyTeX/texmf-dist/tex/latex/base/fixltx2e.sty
Package: fixltx2e 2016/12/29 v2.1a fixes to LaTeX (obsolete)
Applying: [2015/01/01] Old fixltx2e package on input line 46.

Package fixltx2e Warning: fixltx2e is not required with releases after 2015
(fixltx2e)                All fixes are now in the LaTeX kernel.
(fixltx2e)                See the latexrelease package for details.

Already applied: [0000/00/00] Old fixltx2e package on input line 53.
) (/Users/hebailan/Library/TinyTeX/texmf-dist/tex/latex/base/fontenc.sty
Package: fontenc 2020/02/11 v2.0o Standard LaTeX package
LaTeX Font Info:    Trying to load font information for T1+lmr on input line 11
2.
(/Users/hebailan/Library/TinyTeX/texmf-dist/tex/latex/lm/t1lmr.fd
File: t1lmr.fd 2009/10/30 v1.6 Font defs for Latin Modern
)) (/Users/hebailan/Library/TinyTeX/texmf-dist/tex/latex/base/inputenc.sty
Package: inputenc 2018/08/11 v1.3c Input encoding file
\inpenc@prehook=\toks21
\inpenc@posthook=\toks22
) (/Users/hebailan/Library/TinyTeX/texmf-dist/tex/latex/base/textcomp.sty
Package: textcomp 2020/02/02 v2.0n Standard LaTeX package
) (/Users/hebailan/Library/TinyTeX/texmf-dist/tex/latex/upquote/upquote.sty
Package: upquote 2012/04/19 v1.3 upright-quote and grave-accent glyphs in verba
tim
) (/Users/hebailan/Library/TinyTeX/texmf-dist/tex/latex/hyperref/hyperref.sty
Package: hyperref 2020/01/14 v7.00d Hypertext links for LaTeX
(/Users/hebailan/Library/TinyTeX/texmf-dist/tex/generic/ltxcmds/ltxcmds.sty
Package: ltxcmds 2019/12/15 v1.24 LaTeX kernel commands for general use (HO)
)
(/Users/hebailan/Library/TinyTeX/texmf-dist/tex/latex/pdftexcmds/pdftexcmds.sty
Package: pdftexcmds 2019/11/24 v0.31 Utility functions of pdfTeX for LuaTeX (HO
)

(/Users/hebailan/Library/TinyTeX/texmf-dist/tex/generic/infwarerr/infwarerr.sty
Package: infwarerr 2019/12/03 v1.5 Providing info/warning/error messages (HO)
)
Package pdftexcmds Info: \pdf@primitive is available.
Package pdftexcmds Info: \pdf@ifprimitive is available.
Package pdftexcmds Info: \pdfdraftmode found.
) (/Users/hebailan/Library/TinyTeX/texmf-dist/tex/latex/graphics/keyval.sty
Package: keyval 2014/10/28 v1.15 key=value parser (DPC)
\KV@toks@=\toks23
)
(/Users/hebailan/Library/TinyTeX/texmf-dist/tex/generic/kvsetkeys/kvsetkeys.sty
Package: kvsetkeys 2019/12/15 v1.18 Key value parser (HO)
)
(/Users/hebailan/Library/TinyTeX/texmf-dist/tex/generic/kvdefinekeys/kvdefineke
ys.sty
Package: kvdefinekeys 2019-12-19 v1.6 Define keys (HO)
)
(/Users/hebailan/Library/TinyTeX/texmf-dist/tex/generic/pdfescape/pdfescape.sty
Package: pdfescape 2019/12/09 v1.15 Implements pdfTeX's escape features (HO)
) (/Users/hebailan/Library/TinyTeX/texmf-dist/tex/latex/hycolor/hycolor.sty
Package: hycolor 2020-01-27 v1.10 Color options for hyperref/bookmark (HO)
)
(/Users/hebailan/Library/TinyTeX/texmf-dist/tex/latex/letltxmacro/letltxmacro.s
ty
Package: letltxmacro 2019/12/03 v1.6 Let assignment for LaTeX macros (HO)
) (/Users/hebailan/Library/TinyTeX/texmf-dist/tex/latex/auxhook/auxhook.sty
Package: auxhook 2019-12-17 v1.6 Hooks for auxiliary files (HO)
) (/Users/hebailan/Library/TinyTeX/texmf-dist/tex/latex/kvoptions/kvoptions.sty
Package: kvoptions 2019/11/29 v3.13 Key value format for package options (HO)
)
\@linkdim=\dimen144
\Hy@linkcounter=\count187
\Hy@pagecounter=\count188
(/Users/hebailan/Library/TinyTeX/texmf-dist/tex/latex/hyperref/pd1enc.def
File: pd1enc.def 2020/01/14 v7.00d Hyperref: PDFDocEncoding definition (HO)
Now handling font encoding PD1 ...
... no UTF-8 mapping file for font encoding PD1
) (/Users/hebailan/Library/TinyTeX/texmf-dist/tex/generic/intcalc/intcalc.sty
Package: intcalc 2019/12/15 v1.3 Expandable calculations with integers (HO)
) (/Users/hebailan/Library/TinyTeX/texmf-dist/tex/generic/etexcmds/etexcmds.sty
Package: etexcmds 2019/12/15 v1.7 Avoid name clashes with e-TeX commands (HO)
)
\Hy@SavedSpaceFactor=\count189
Package hyperref Info: Option `unicode' set `true' on input line 4421.
(/Users/hebailan/Library/TinyTeX/texmf-dist/tex/latex/hyperref/puenc.def
File: puenc.def 2020/01/14 v7.00d Hyperref: PDF Unicode definition (HO)
Now handling font encoding PU ...
... no UTF-8 mapping file for font encoding PU
)
Package hyperref Info: Hyper figures OFF on input line 4547.
Package hyperref Info: Link nesting OFF on input line 4552.
Package hyperref Info: Hyper index ON on input line 4555.
Package hyperref Info: Plain pages OFF on input line 4562.
Package hyperref Info: Backreferencing OFF on input line 4567.
Package hyperref Info: Implicit mode ON; LaTeX internals redefined.
Package hyperref Info: Bookmarks ON on input line 4800.
\c@Hy@tempcnt=\count190
(/Users/hebailan/Library/TinyTeX/texmf-dist/tex/latex/url/url.sty
\Urlmuskip=\muskip17
Package: url 2013/09/16  ver 3.4  Verb mode for urls, etc.
)
LaTeX Info: Redefining \url on input line 5159.
\XeTeXLinkMargin=\dimen145
(/Users/hebailan/Library/TinyTeX/texmf-dist/tex/generic/bitset/bitset.sty
Package: bitset 2019/12/09 v1.3 Handle bit-vector datatype (HO)

(/Users/hebailan/Library/TinyTeX/texmf-dist/tex/generic/bigintcalc/bigintcalc.s
ty
Package: bigintcalc 2019/12/15 v1.5 Expandable calculations on big integers (HO
)
))
\Fld@menulength=\count191
\Field@Width=\dimen146
\Fld@charsize=\dimen147
Package hyperref Info: Hyper figures OFF on input line 6430.
Package hyperref Info: Link nesting OFF on input line 6435.
Package hyperref Info: Hyper index ON on input line 6438.
Package hyperref Info: backreferencing OFF on input line 6445.
Package hyperref Info: Link coloring OFF on input line 6450.
Package hyperref Info: Link coloring with OCG OFF on input line 6455.
Package hyperref Info: PDF/A mode OFF on input line 6460.
LaTeX Info: Redefining \ref on input line 6500.
LaTeX Info: Redefining \pageref on input line 6504.
(/Users/hebailan/Library/TinyTeX/texmf-dist/tex/generic/atbegshi/atbegshi.sty
Package: atbegshi 2019/12/05 v1.19 At begin shipout hook (HO)
)
\Hy@abspage=\count192
\c@Item=\count193
\c@Hfootnote=\count194
)
Package hyperref Info: Driver (autodetected): hpdftex.
(/Users/hebailan/Library/TinyTeX/texmf-dist/tex/latex/hyperref/hpdftex.def
File: hpdftex.def 2020/01/14 v7.00d Hyperref driver for pdfTeX
(/Users/hebailan/Library/TinyTeX/texmf-dist/tex/latex/atveryend/atveryend.sty
Package: atveryend 2019-12-11 v1.11 Hooks at the very end of document (HO)
Package atveryend Info: \enddocument detected (standard20110627).
)
\Fld@listcount=\count195
\c@bookmark@seq@number=\count196

(/Users/hebailan/Library/TinyTeX/texmf-dist/tex/latex/rerunfilecheck/rerunfilec
heck.sty
Package: rerunfilecheck 2019/12/05 v1.9 Rerun checks for auxiliary files (HO)

(/Users/hebailan/Library/TinyTeX/texmf-dist/tex/generic/uniquecounter/uniquecou
nter.sty
Package: uniquecounter 2019/12/15 v1.4 Provide unlimited unique counter (HO)
)
Package uniquecounter Info: New unique counter `rerunfilecheck' on input line 2
86.
)
\Hy@SectionHShift=\skip52
)
Package hyperref Info: Option `breaklinks' set `true' on input line 29.
(/Users/hebailan/Library/TinyTeX/texmf-dist/tex/latex/geometry/geometry.sty
Package: geometry 2020/01/02 v5.9 Page Geometry
(/Users/hebailan/Library/TinyTeX/texmf-dist/tex/generic/iftex/ifvtex.sty
Package: ifvtex 2019/10/25 v1.7 ifvtex legacy package. Use iftex instead.
)
\Gm@cnth=\count197
\Gm@cntv=\count198
\c@Gm@tempcnt=\count199
\Gm@bindingoffset=\dimen148
\Gm@wd@mp=\dimen149
\Gm@odd@mp=\dimen150
\Gm@even@mp=\dimen151
\Gm@layoutwidth=\dimen152
\Gm@layoutheight=\dimen153
\Gm@layouthoffset=\dimen154
\Gm@layoutvoffset=\dimen155
\Gm@dimlist=\toks24
) (/Users/hebailan/Library/TinyTeX/texmf-dist/tex/latex/graphics/color.sty
Package: color 2019/11/23 v1.2a Standard LaTeX Color (DPC)
(/Users/hebailan/Library/TinyTeX/texmf-dist/tex/latex/graphics-cfg/color.cfg
File: color.cfg 2016/01/02 v1.6 sample color configuration
)
Package color Info: Driver file: pdftex.def on input line 147.
(/Users/hebailan/Library/TinyTeX/texmf-dist/tex/latex/graphics-def/pdftex.def
File: pdftex.def 2018/01/08 v1.0l Graphics/color driver for pdftex
)) (/Users/hebailan/Library/TinyTeX/texmf-dist/tex/latex/fancyvrb/fancyvrb.sty
Package: fancyvrb 2020/01/13 v3.5 verbatim text (tvz,hv)
\FV@CodeLineNo=\count266
\FV@InFile=\read2
\FV@TabBox=\box47
\c@FancyVerbLine=\count267
\FV@StepNumber=\count268
\FV@OutFile=\write3
) (/Users/hebailan/Library/TinyTeX/texmf-dist/tex/latex/framed/framed.sty
Package: framed 2011/10/22 v 0.96: framed or shaded text with page breaks
\OuterFrameSep=\skip53
\fb@frw=\dimen156
\fb@frh=\dimen157
\FrameRule=\dimen158
\FrameSep=\dimen159
) (/Users/hebailan/Library/TinyTeX/texmf-dist/tex/latex/tools/longtable.sty
Package: longtable 2020/01/07 v4.13 Multi-page Table package (DPC)
\LTleft=\skip54
\LTright=\skip55
\LTpre=\skip56
\LTpost=\skip57
\LTchunksize=\count269
\LTcapwidth=\dimen160
\LT@head=\box48
\LT@firsthead=\box49
\LT@foot=\box50
\LT@lastfoot=\box51
\LT@cols=\count270
\LT@rows=\count271
\c@LT@tables=\count272
\c@LT@chunks=\count273
\LT@p@ftn=\toks25
) (/Users/hebailan/Library/TinyTeX/texmf-dist/tex/latex/booktabs/booktabs.sty
Package: booktabs 2020/01/12 v1.61803398 Publication quality tables
\heavyrulewidth=\dimen161
\lightrulewidth=\dimen162
\cmidrulewidth=\dimen163
\belowrulesep=\dimen164
\belowbottomsep=\dimen165
\aboverulesep=\dimen166
\abovetopsep=\dimen167
\cmidrulesep=\dimen168
\cmidrulekern=\dimen169
\defaultaddspace=\dimen170
\@cmidla=\count274
\@cmidlb=\count275
\@aboverulesep=\dimen171
\@belowrulesep=\dimen172
\@thisruleclass=\count276
\@lastruleclass=\count277
\@thisrulewidth=\dimen173
) (/Users/hebailan/Library/TinyTeX/texmf-dist/tex/latex/graphics/graphicx.sty
Package: graphicx 2019/11/30 v1.2a Enhanced LaTeX Graphics (DPC,SPQR)
(/Users/hebailan/Library/TinyTeX/texmf-dist/tex/latex/graphics/graphics.sty
Package: graphics 2019/11/30 v1.4a Standard LaTeX Graphics (DPC,SPQR)
(/Users/hebailan/Library/TinyTeX/texmf-dist/tex/latex/graphics/trig.sty
Package: trig 2016/01/03 v1.10 sin cos tan (DPC)
)
(/Users/hebailan/Library/TinyTeX/texmf-dist/tex/latex/graphics-cfg/graphics.cfg
File: graphics.cfg 2016/06/04 v1.11 sample graphics configuration
)
Package graphics Info: Driver file: pdftex.def on input line 105.
)
\Gin@req@height=\dimen174
\Gin@req@width=\dimen175
) (/Users/hebailan/Library/TinyTeX/texmf-dist/tex/latex/grffile/grffile.sty
Package: grffile 2019/11/11 v2.1 Extended file name support for graphics (legac
y)
Package grffile Info: This package is an empty stub for compatibility on input 
line 40.
) (/Users/hebailan/Library/TinyTeX/texmf-dist/tex/latex/tools/indentfirst.sty
Package: indentfirst 1995/11/23 v1.03 Indent first paragraph (DPC)
)
(/Users/hebailan/Library/TinyTeX/texmf-dist/tex/latex/l3backend/l3backend-pdfmo
de.def
File: l3backend-pdfmode.def 2020-03-12 L3 backend support: PDF mode
\l__kernel_color_stack_int=\count278
\l__pdf_internal_box=\box52
) (./ML_paper.aux

LaTeX Warning: Label `fig:figs' multiply defined.

)
\openout1 = `ML_paper.aux'.

LaTeX Font Info:    Checking defaults for OML/cmm/m/it on input line 109.
LaTeX Font Info:    ... okay on input line 109.
LaTeX Font Info:    Checking defaults for OMS/cmsy/m/n on input line 109.
LaTeX Font Info:    ... okay on input line 109.
LaTeX Font Info:    Checking defaults for OT1/cmr/m/n on input line 109.
LaTeX Font Info:    ... okay on input line 109.
LaTeX Font Info:    Checking defaults for T1/cmr/m/n on input line 109.
LaTeX Font Info:    ... okay on input line 109.
LaTeX Font Info:    Checking defaults for TS1/cmr/m/n on input line 109.
LaTeX Font Info:    ... okay on input line 109.
LaTeX Font Info:    Checking defaults for OMX/cmex/m/n on input line 109.
LaTeX Font Info:    ... okay on input line 109.
LaTeX Font Info:    Checking defaults for U/cmr/m/n on input line 109.
LaTeX Font Info:    ... okay on input line 109.
LaTeX Font Info:    Checking defaults for PD1/pdf/m/n on input line 109.
LaTeX Font Info:    ... okay on input line 109.
LaTeX Font Info:    Checking defaults for PU/pdf/m/n on input line 109.
LaTeX Font Info:    ... okay on input line 109.
\AtBeginShipoutBox=\box53
Package hyperref Info: Link coloring OFF on input line 109.
(/Users/hebailan/Library/TinyTeX/texmf-dist/tex/latex/hyperref/nameref.sty
Package: nameref 2019/09/16 v2.46 Cross-referencing by name of section
(/Users/hebailan/Library/TinyTeX/texmf-dist/tex/latex/refcount/refcount.sty
Package: refcount 2019/12/15 v3.6 Data extraction from label references (HO)
)
(/Users/hebailan/Library/TinyTeX/texmf-dist/tex/generic/gettitlestring/gettitle
string.sty
Package: gettitlestring 2019/12/15 v1.6 Cleanup title references (HO)
)
\c@section@level=\count279
)
LaTeX Info: Redefining \ref on input line 109.
LaTeX Info: Redefining \pageref on input line 109.
LaTeX Info: Redefining \nameref on input line 109.
(./ML_paper.out) (./ML_paper.out)
\@outlinefile=\write4
\openout4 = `ML_paper.out'.

*geometry* driver: auto-detecting
*geometry* detected driver: pdftex
*geometry* verbose mode - [ preamble ] result:
* driver: pdftex
* paper: <default>
* layout: <same size as paper>
* layoutoffset:(h,v)=(0.0pt,0.0pt)
* modes: 
* h-part:(L,W,R)=(72.26999pt, 469.75502pt, 72.26999pt)
* v-part:(T,H,B)=(72.26999pt, 650.43001pt, 72.26999pt)
* \paperwidth=614.295pt
* \paperheight=794.96999pt
* \textwidth=469.75502pt
* \textheight=650.43001pt
* \oddsidemargin=0.0pt
* \evensidemargin=0.0pt
* \topmargin=-37.0pt
* \headheight=12.0pt
* \headsep=25.0pt
* \topskip=10.0pt
* \footskip=30.0pt
* \marginparwidth=65.0pt
* \marginparsep=11.0pt
* \columnsep=10.0pt
* \skip\footins=9.0pt plus 4.0pt minus 2.0pt
* \hoffset=0.0pt
* \voffset=0.0pt
* \mag=1000
* \@twocolumnfalse
* \@twosidefalse
* \@mparswitchfalse
* \@reversemarginfalse
* (1in=72.27pt=25.4mm, 1cm=28.453pt)


(/Users/hebailan/Library/TinyTeX/texmf-dist/tex/latex/epstopdf-pkg/epstopdf-bas
e.sty
Package: epstopdf-base 2020-01-24 v2.11 Base part for package epstopdf
Package epstopdf-base Info: Redefining graphics rule for `.eps' on input line 4
85.

(/Users/hebailan/Library/TinyTeX/texmf-dist/tex/latex/latexconfig/epstopdf-sys.
cfg
File: epstopdf-sys.cfg 2010/07/13 v1.3 Configuration of (r)epstopdf for TeX Liv
e
))
LaTeX Font Info:    Trying to load font information for OT1+lmr on input line 1
11.
(/Users/hebailan/Library/TinyTeX/texmf-dist/tex/latex/lm/ot1lmr.fd
File: ot1lmr.fd 2009/10/30 v1.6 Font defs for Latin Modern
)
LaTeX Font Info:    Trying to load font information for OML+lmm on input line 1
11.
(/Users/hebailan/Library/TinyTeX/texmf-dist/tex/latex/lm/omllmm.fd
File: omllmm.fd 2009/10/30 v1.6 Font defs for Latin Modern
)
LaTeX Font Info:    Trying to load font information for OMS+lmsy on input line 
111.
(/Users/hebailan/Library/TinyTeX/texmf-dist/tex/latex/lm/omslmsy.fd
File: omslmsy.fd 2009/10/30 v1.6 Font defs for Latin Modern
)
LaTeX Font Info:    Trying to load font information for OMX+lmex on input line 
111.
(/Users/hebailan/Library/TinyTeX/texmf-dist/tex/latex/lm/omxlmex.fd
File: omxlmex.fd 2009/10/30 v1.6 Font defs for Latin Modern
)
LaTeX Font Info:    External font `lmex10' loaded for size
(Font)              <12> on input line 111.
LaTeX Font Info:    External font `lmex10' loaded for size
(Font)              <8> on input line 111.
LaTeX Font Info:    External font `lmex10' loaded for size
(Font)              <6> on input line 111.
LaTeX Font Info:    Trying to load font information for U+msa on input line 111
.
(/Users/hebailan/Library/TinyTeX/texmf-dist/tex/latex/amsfonts/umsa.fd
File: umsa.fd 2013/01/14 v3.01 AMS symbols A
)
LaTeX Font Info:    Trying to load font information for U+msb on input line 111
.
(/Users/hebailan/Library/TinyTeX/texmf-dist/tex/latex/amsfonts/umsb.fd
File: umsb.fd 2013/01/14 v3.01 AMS symbols B
) (./ML_paper.toc
LaTeX Font Info:    External font `lmex10' loaded for size
(Font)              <10> on input line 3.
LaTeX Font Info:    External font `lmex10' loaded for size
(Font)              <7> on input line 3.
LaTeX Font Info:    External font `lmex10' loaded for size
(Font)              <5> on input line 3.
[1

{/Users/hebailan/Library/TinyTeX/texmf-var/fonts/map/pdftex/updmap/pdftex.map}]
)
\tf@toc=\write5
\openout5 = `ML_paper.toc'.

[2] [3]
<flowchart_overview.png, id=245, 2063.71pt x 949.5475pt>
File: flowchart_overview.png Graphic file (type png)
<use flowchart_overview.png>
Package pdftex.def Info: flowchart_overview.png  used on input line 163.
(pdftex.def)             Requested size: 1413.66437pt x 650.4506pt.

Overfull \hbox (943.90935pt too wide) in paragraph at lines 163--163
[][] 
 []


LaTeX Warning: Float too large for page by 23.96503pt on input line 164.


LaTeX Warning: `h' float specifier changed to `ht'.

LaTeX Font Info:    Trying to load font information for T1+lmtt on input line 2
04.
(/Users/hebailan/Library/TinyTeX/texmf-dist/tex/latex/lm/t1lmtt.fd
File: t1lmtt.fd 2009/10/30 v1.6 Font defs for Latin Modern
)
LaTeX Font Info:    Font shape `T1/lmtt/bx/n' in size <10> not available
(Font)              Font shape `T1/lmtt/b/n' tried instead on input line 205.
[4] [5]
Overfull \hbox (34.24352pt too wide) in paragraph at lines 363--363
[]\T1/lmtt/m/n/10 ##  $ NAME_INCOME_TYPE   : Factor w/ 5 levels "Commercial ass
ociate",..: 5 5 5 1 1 1 1 2 2 2 ...[] 
 []


Overfull \hbox (7.99359pt too wide) in paragraph at lines 363--363
[]\T1/lmtt/m/n/10 ##  $ NAME_EDUCATION_TYPE: Factor w/ 5 levels "Academic degre
e",..: 2 2 5 5 5 5 5 2 2 2 ...[] 
 []


Overfull \hbox (2.7436pt too wide) in paragraph at lines 363--363
[]\T1/lmtt/m/n/10 ##  $ NAME_FAMILY_STATUS : Factor w/ 5 levels "Civil marriage
",..: 1 1 2 4 4 4 4 3 3 3 ...[] 
 []


Overfull \hbox (7.99359pt too wide) in paragraph at lines 363--363
[]\T1/lmtt/m/n/10 ##  $ NAME_HOUSING_TYPE  : Factor w/ 6 levels "Co-op apartmen
t",..: 5 5 2 2 2 2 2 2 2 2 ...[] 
 []


Overfull \hbox (44.74348pt too wide) in paragraph at lines 363--363
[]\T1/lmtt/m/n/10 ##  $ OCCUPATION_TYPE    : Factor w/ 18 levels "Accountants",
..: NA NA 17 15 15 15 15 NA NA NA ...[] 
 []

[6]
LaTeX Font Info:    Trying to load font information for TS1+lmr on input line 4
35.
(/Users/hebailan/Library/TinyTeX/texmf-dist/tex/latex/lm/ts1lmr.fd
File: ts1lmr.fd 2009/10/30 v1.6 Font defs for Latin Modern
) [7] [8]
LaTeX Font Info:    Trying to load font information for TS1+lmtt on input line 
756.
(/Users/hebailan/Library/TinyTeX/texmf-dist/tex/latex/lm/ts1lmtt.fd
File: ts1lmtt.fd 2009/10/30 v1.6 Font defs for Latin Modern
) [9]
<ML_paper_files/figure-latex/unnamed-chunk-11-1.pdf, id=292, 469.755pt x 325.21
5pt>
File: ML_paper_files/figure-latex/unnamed-chunk-11-1.pdf Graphic file (type pdf
)
<use ML_paper_files/figure-latex/unnamed-chunk-11-1.pdf>
Package pdftex.def Info: ML_paper_files/figure-latex/unnamed-chunk-11-1.pdf  us
ed on input line 786.
(pdftex.def)             Requested size: 469.75386pt x 325.2142pt.

Overfull \hbox (14.99884pt too wide) in paragraph at lines 786--787
[][] 
 []

[10 <./ML_paper_files/figure-latex/unnamed-chunk-11-1.pdf>] [11] [12]
Underfull \hbox (badness 10000) in paragraph at lines 1011--1012

 []


Underfull \hbox (badness 10000) in paragraph at lines 1020--1022

 []


Underfull \hbox (badness 10000) in paragraph at lines 1022--1024

 []

[13]
Underfull \hbox (badness 10000) in paragraph at lines 1104--1112
\T1/lmtt/m/n/10 NAME_FAMILY_STATUS\T1/lmr/m/n/10 , \T1/lmtt/m/n/10 NAME_HOUSING
_TYPE\T1/lmr/m/n/10 , \T1/lmtt/m/n/10 OCCUPATION_TYPE\T1/lmr/m/n/10 , only \T1/
lmtt/m/n/10 CODE_GENDER\T1/lmr/m/n/10 , \T1/lmtt/m/n/10 FLAG_OWN_CAR\T1/lmr/m/n
/10 ,
 []


Underfull \hbox (badness 1009) in paragraph at lines 1168--1173
\T1/lmr/m/n/10 mained, i.e. \T1/lmtt/m/n/10 NAME_INCOME_TYPE\T1/lmr/m/n/10 , \T
1/lmtt/m/n/10 NAME_EDUCATION_TYPE\T1/lmr/m/n/10 , \T1/lmtt/m/n/10 NAME_FAMILY_S
TATUS\T1/lmr/m/n/10 , \T1/lmtt/m/n/10 NAME_HOUSING_TYPE\T1/lmr/m/n/10 ,
 []

[14] [15] [16] [17] [18] [19]
<ML_paper_files/figure-latex/unnamed-chunk-32-1.pdf, id=361, 469.755pt x 289.08
pt>
File: ML_paper_files/figure-latex/unnamed-chunk-32-1.pdf Graphic file (type pdf
)
<use ML_paper_files/figure-latex/unnamed-chunk-32-1.pdf>
Package pdftex.def Info: ML_paper_files/figure-latex/unnamed-chunk-32-1.pdf  us
ed on input line 1559.
(pdftex.def)             Requested size: 469.75386pt x 289.07928pt.

Overfull \hbox (14.99884pt too wide) in paragraph at lines 1559--1560
[][] 
 []

<ML_paper_files/figure-latex/unnamed-chunk-33-1.pdf, id=362, 469.755pt x 216.81
pt>
File: ML_paper_files/figure-latex/unnamed-chunk-33-1.pdf Graphic file (type pdf
)
<use ML_paper_files/figure-latex/unnamed-chunk-33-1.pdf>
Package pdftex.def Info: ML_paper_files/figure-latex/unnamed-chunk-33-1.pdf  us
ed on input line 1577.
(pdftex.def)             Requested size: 469.75386pt x 216.80946pt.

Overfull \hbox (14.99884pt too wide) in paragraph at lines 1577--1578
[][] 
 []

[20 <./ML_paper_files/figure-latex/unnamed-chunk-32-1.pdf>]
<ML_paper_files/figure-latex/unnamed-chunk-34-1.pdf, id=372, 469.755pt x 216.81
pt>
File: ML_paper_files/figure-latex/unnamed-chunk-34-1.pdf Graphic file (type pdf
)
<use ML_paper_files/figure-latex/unnamed-chunk-34-1.pdf>
Package pdftex.def Info: ML_paper_files/figure-latex/unnamed-chunk-34-1.pdf  us
ed on input line 1597.
(pdftex.def)             Requested size: 469.75386pt x 216.80946pt.

Overfull \hbox (14.99884pt too wide) in paragraph at lines 1597--1598
[][] 
 []

<ML_paper_files/figure-latex/unnamed-chunk-35-1.pdf, id=373, 469.755pt x 216.81
pt>
File: ML_paper_files/figure-latex/unnamed-chunk-35-1.pdf Graphic file (type pdf
)
<use ML_paper_files/figure-latex/unnamed-chunk-35-1.pdf>
Package pdftex.def Info: ML_paper_files/figure-latex/unnamed-chunk-35-1.pdf  us
ed on input line 1615.
(pdftex.def)             Requested size: 469.75386pt x 216.80946pt.

Overfull \hbox (14.99884pt too wide) in paragraph at lines 1615--1616
[][] 
 []

[21 <./ML_paper_files/figure-latex/unnamed-chunk-33-1.pdf> <./ML_paper_files/fi
gure-latex/unnamed-chunk-34-1.pdf>]
<ML_paper_files/figure-latex/unnamed-chunk-36-1.pdf, id=388, 469.755pt x 216.81
pt>
File: ML_paper_files/figure-latex/unnamed-chunk-36-1.pdf Graphic file (type pdf
)
<use ML_paper_files/figure-latex/unnamed-chunk-36-1.pdf>
Package pdftex.def Info: ML_paper_files/figure-latex/unnamed-chunk-36-1.pdf  us
ed on input line 1635.
(pdftex.def)             Requested size: 469.75386pt x 216.80946pt.

Overfull \hbox (14.99884pt too wide) in paragraph at lines 1635--1636
[][] 
 []

[22 <./ML_paper_files/figure-latex/unnamed-chunk-35-1.pdf> <./ML_paper_files/fi
gure-latex/unnamed-chunk-36-1.pdf>] [23] [24] [25] [26] [27] [28]
<logistic_all_task.png, id=446, 1405.25pt x 868.24374pt>
File: logistic_all_task.png Graphic file (type png)
<use logistic_all_task.png>
Package pdftex.def Info: logistic_all_task.png  used on input line 2059.
(pdftex.def)             Requested size: 469.75925pt x 290.2441pt.

Overfull \hbox (15.00423pt too wide) in paragraph at lines 2059--2060
[][] 
 []

[29 <./logistic_all_task.png>]
<knn_all_task.png, id=454, 1405.25pt x 868.24374pt>
File: knn_all_task.png Graphic file (type png)
<use knn_all_task.png>
Package pdftex.def Info: knn_all_task.png  used on input line 2098.
(pdftex.def)             Requested size: 469.75925pt x 290.2441pt.

Overfull \hbox (15.00423pt too wide) in paragraph at lines 2098--2104
[][]
 []

[30 <./knn_all_task.png>]
<svm_all_task.png, id=461, 1405.25pt x 868.24374pt>
File: svm_all_task.png Graphic file (type png)
<use svm_all_task.png>
Package pdftex.def Info: svm_all_task.png  used on input line 2128.
(pdftex.def)             Requested size: 469.75925pt x 290.2441pt.

Overfull \hbox (15.00423pt too wide) in paragraph at lines 2128--2129
[][] 
 []

<rf_all_task.png, id=462, 1405.25pt x 868.24374pt>
File: rf_all_task.png Graphic file (type png)
<use rf_all_task.png>
Package pdftex.def Info: rf_all_task.png  used on input line 2155.
(pdftex.def)             Requested size: 469.75925pt x 290.2441pt.

Overfull \hbox (15.00423pt too wide) in paragraph at lines 2155--2156
[][] 
 []

[31 <./svm_all_task.png>] [32 <./rf_all_task.png>] [33] [34]
<over_lg.png, id=487, 1405.25pt x 868.24374pt>
File: over_lg.png Graphic file (type png)
<use over_lg.png>
Package pdftex.def Info: over_lg.png  used on input line 2328.
(pdftex.def)             Requested size: 469.75925pt x 290.2441pt.

Overfull \hbox (15.00423pt too wide) in paragraph at lines 2328--2329
[][] 
 []

[35 <./over_lg.png>]
<smote_lg.png, id=494, 1405.25pt x 868.24374pt>
File: smote_lg.png Graphic file (type png)
<use smote_lg.png>
Package pdftex.def Info: smote_lg.png  used on input line 2421.
(pdftex.def)             Requested size: 469.75925pt x 290.2441pt.

Overfull \hbox (15.00423pt too wide) in paragraph at lines 2421--2422
[][] 
 []

[36] [37 <./smote_lg.png>]
<3_over_auc.png, id=507, 526.96875pt x 325.215pt>
File: 3_over_auc.png Graphic file (type png)
<use 3_over_auc.png>
Package pdftex.def Info: 3_over_auc.png  used on input line 2504.
(pdftex.def)             Requested size: 469.78067pt x 289.92178pt.

Overfull \hbox (15.02565pt too wide) in paragraph at lines 2504--2505
[][] 
 []

[38] [39 <./3_over_auc.png>]
<3_smote_auc.png, id=518, 526.96875pt x 325.215pt>
File: 3_smote_auc.png Graphic file (type png)
<use 3_smote_auc.png>
Package pdftex.def Info: 3_smote_auc.png  used on input line 2581.
(pdftex.def)             Requested size: 469.78067pt x 289.92178pt.

Overfull \hbox (15.02565pt too wide) in paragraph at lines 2581--2582
[][] 
 []

[40] [41 <./3_smote_auc.png>]
<svm_smote.png, id=530, 903.375pt x 572.89032pt>
File: svm_smote.png Graphic file (type png)
<use svm_smote.png>
Package pdftex.def Info: svm_smote.png  used on input line 2631.
(pdftex.def)             Requested size: 469.7577pt x 297.90468pt.

Overfull \hbox (15.00269pt too wide) in paragraph at lines 2631--2632
[][] 
 []

<svm_kernel.png, id=531, 526.96875pt x 325.215pt>
File: svm_kernel.png Graphic file (type png)
<use svm_kernel.png>
Package pdftex.def Info: svm_kernel.png  used on input line 2666.
(pdftex.def)             Requested size: 469.78067pt x 289.92178pt.

Overfull \hbox (15.02565pt too wide) in paragraph at lines 2666--2667
[][] 
 []

[42 <./svm_smote.png>] [43 <./svm_kernel.png>] [44]
<rf_smote.png, id=548, 903.375pt x 572.89032pt>
File: rf_smote.png Graphic file (type png)
<use rf_smote.png>
Package pdftex.def Info: rf_smote.png  used on input line 2805.
(pdftex.def)             Requested size: 469.7577pt x 297.90468pt.

Overfull \hbox (15.00269pt too wide) in paragraph at lines 2805--2811
[][]
 []

[45]
<rf_smote_2.png, id=553, 903.375pt x 572.89032pt>
File: rf_smote_2.png Graphic file (type png)
<use rf_smote_2.png>
Package pdftex.def Info: rf_smote_2.png  used on input line 2826.
(pdftex.def)             Requested size: 469.7577pt x 297.90468pt.

Overfull \hbox (15.00269pt too wide) in paragraph at lines 2826--2827
[][] 
 []

[46 <./rf_smote.png>]
<rf_smote_3.png, id=559, 903.375pt x 572.89032pt>
File: rf_smote_3.png Graphic file (type png)
<use rf_smote_3.png>
Package pdftex.def Info: rf_smote_3.png  used on input line 2855.
(pdftex.def)             Requested size: 469.7577pt x 297.90468pt.

Overfull \hbox (15.00269pt too wide) in paragraph at lines 2855--2862
[][]
 []

[47 <./rf_smote_2.png>]
<rf_smote_4.png, id=565, 903.375pt x 572.89032pt>
File: rf_smote_4.png Graphic file (type png)
<use rf_smote_4.png>
Package pdftex.def Info: rf_smote_4.png  used on input line 2880.
(pdftex.def)             Requested size: 469.7577pt x 297.90468pt.

Overfull \hbox (15.00269pt too wide) in paragraph at lines 2880--2881
[][] 
 []

[48 <./rf_smote_3.png>]
<rf_smote_5.png, id=572, 903.375pt x 572.89032pt>
File: rf_smote_5.png Graphic file (type png)
<use rf_smote_5.png>
Package pdftex.def Info: rf_smote_5.png  used on input line 2910.
(pdftex.def)             Requested size: 469.7577pt x 297.90468pt.

Overfull \hbox (15.00269pt too wide) in paragraph at lines 2910--2911
[][] 
 []

[49 <./rf_smote_4.png>] [50 <./rf_smote_5.png>]
Package atveryend Info: Empty hook `BeforeClearDocument' on input line 2973.
[51] [52 <./flowchart_overview.png>]
Package atveryend Info: Empty hook `AfterLastShipout' on input line 2973.
(./ML_paper.aux)
Package atveryend Info: Executing hook `AtVeryEndDocument' on input line 2973.
Package atveryend Info: Executing hook `AtEndAfterFileList' on input line 2973.

Package rerunfilecheck Info: File `ML_paper.out' has not changed.
(rerunfilecheck)             Checksum: BCE30FC4EB55506627426279D3CD274F;6287.

LaTeX Warning: There were multiply-defined labels.

Package atveryend Info: Empty hook `AtVeryVeryEnd' on input line 2973.
 ) 
Here is how much of TeX's memory you used:
 11130 strings out of 482605
 162777 string characters out of 5951057
 406855 words of memory out of 5000000
 26342 multiletter control sequences out of 15000+600000
 583819 words of font info for 69 fonts, out of 8000000 for 9000
 14 hyphenation exceptions out of 8191
 34i,6n,34p,384b,461s stack positions out of 5000i,500n,10000p,200000b,80000s
{/Users/hebailan/Library/TinyTeX/texmf-dist/fonts/enc/dvips/lm/lm-ts1.enc}{/U
sers/hebailan/Library/TinyTeX/texmf-dist/fonts/enc/dvips/lm/lm-rm.enc}{/Users/h
ebailan/Library/TinyTeX/texmf-dist/fonts/enc/dvips/lm/lm-mathit.enc}{/Users/heb
ailan/Library/TinyTeX/texmf-dist/fonts/enc/dvips/lm/lm-mathsy.enc}{/Users/hebai
lan/Library/TinyTeX/texmf-dist/fonts/enc/dvips/lm/lm-ec.enc}{/Users/hebailan/Li
brary/TinyTeX/texmf-dist/fonts/enc/dvips/lm/lm-mathex.enc}</Users/hebailan/Libr
ary/TinyTeX/texmf-dist/fonts/type1/public/lm/lmbx10.pfb></Users/hebailan/Librar
y/TinyTeX/texmf-dist/fonts/type1/public/lm/lmbx12.pfb></Users/hebailan/Library/
TinyTeX/texmf-dist/fonts/type1/public/lm/lmex10.pfb></Users/hebailan/Library/Ti
nyTeX/texmf-dist/fonts/type1/public/lm/lmmi10.pfb></Users/hebailan/Library/Tiny
TeX/texmf-dist/fonts/type1/public/lm/lmmi5.pfb></Users/hebailan/Library/TinyTeX
/texmf-dist/fonts/type1/public/lm/lmmi7.pfb></Users/hebailan/Library/TinyTeX/te
xmf-dist/fonts/type1/public/lm/lmr10.pfb></Users/hebailan/Library/TinyTeX/texmf
-dist/fonts/type1/public/lm/lmr12.pfb></Users/hebailan/Library/TinyTeX/texmf-di
st/fonts/type1/public/lm/lmr17.pfb></Users/hebailan/Library/TinyTeX/texmf-dist/
fonts/type1/public/lm/lmr7.pfb></Users/hebailan/Library/TinyTeX/texmf-dist/font
s/type1/public/lm/lmri10.pfb></Users/hebailan/Library/TinyTeX/texmf-dist/fonts/
type1/public/lm/lmsy10.pfb></Users/hebailan/Library/TinyTeX/texmf-dist/fonts/ty
pe1/public/lm/lmsy7.pfb></Users/hebailan/Library/TinyTeX/texmf-dist/fonts/type1
/public/lm/lmtk10.pfb></Users/hebailan/Library/TinyTeX/texmf-dist/fonts/type1/p
ublic/lm/lmtt10.pfb></Users/hebailan/Library/TinyTeX/texmf-dist/fonts/type1/pub
lic/lm/lmtti10.pfb>
Output written on ML_paper.pdf (52 pages, 1234957 bytes).
PDF statistics:
 695 PDF objects out of 1000 (max. 8388607)
 575 compressed objects within 6 object streams
 155 named destinations out of 1000 (max. 500000)
 463 words of extra memory for PDF output out of 10000 (max. 10000000)

